<?xml version="1.0" encoding="UTF-8"?>
<!-- Generated by org.testng.reporters.JUnitXMLReporter -->
<testsuite ignored="3" hostname="Sarveshs-MacBook-Air.local" failures="0" tests="1" name="Default test" time="28.553" errors="0" timestamp="2025-03-20T13:11:19 IST">
  <testcase classname="udemyCource.GetAllpresentLinksFromTheWebpage" name="clickOnEachLink" time="28.526"/>
  <testcase classname="udemyCource.GetAllpresentLinksFromTheWebpage" name="getLinkOfPerticularSectionFromFooter" time="0.0">
    <ignored/>
  </testcase> <!-- getLinkOfPerticularSectionFromFooter -->
  <testcase classname="udemyCource.GetAllpresentLinksFromTheWebpage" name="getLinksFromFooter" time="0.0">
    <ignored/>
  </testcase> <!-- getLinksFromFooter -->
  <testcase classname="udemyCource.GetAllpresentLinksFromTheWebpage" name="getAllLinks" time="0.0">
    <ignored/>
  </testcase> <!-- getAllLinks -->
</testsuite> <!-- Default test -->
