<?xml version="1.0" encoding="UTF-8"?>
<testng-results ignored="0" total="1" passed="1" failed="0" skipped="0">
  <reporter-output>
  </reporter-output>
  <suite started-at="2025-03-20T13:10:50 IST" name="Default suite" finished-at="2025-03-20T13:11:19 IST" duration-ms="28553">
    <groups>
    </groups>
    <test started-at="2025-03-20T13:10:50 IST" name="Default test" finished-at="2025-03-20T13:11:19 IST" duration-ms="28553">
      <class name="udemyCource.GetAllpresentLinksFromTheWebpage">
        <test-method signature="clickOnEachLink()[pri:0, instance:udemyCource.GetAllpresentLinksFromTheWebpage@7f0eb4b4]" started-at="2025-03-20T13:10:50 IST" name="clickOnEachLink" finished-at="2025-03-20T13:11:19 IST" duration-ms="28526" status="PASS">
          <reporter-output>
          </reporter-output>
        </test-method> <!-- clickOnEachLink -->
      </class> <!-- udemyCource.GetAllpresentLinksFromTheWebpage -->
    </test> <!-- Default test -->
  </suite> <!-- Default suite -->
</testng-results>
