<?xml version="1.0" encoding="UTF-8"?>
<testng-results ignored="0" total="1" passed="1" failed="0" skipped="0">
  <reporter-output>
  </reporter-output>
  <suite started-at="2025-04-18T00:52:42 IST" name="Default suite" finished-at="2025-04-18T00:52:44 IST" duration-ms="1928">
    <groups>
    </groups>
    <test started-at="2025-04-18T00:52:42 IST" name="Default test" finished-at="2025-04-18T00:52:44 IST" duration-ms="1928">
      <class name="udemyCource.WebTableSorting">
        <test-method signature="sortWebTableAndCompare()[pri:0, instance:udemyCource.WebTableSorting@49139829]" started-at="2025-04-18T00:52:42 IST" name="sortWebTableAndCompare" finished-at="2025-04-18T00:52:44 IST" duration-ms="1917" status="PASS">
          <reporter-output>
          </reporter-output>
        </test-method> <!-- sortWebTableAndCompare -->
      </class> <!-- udemyCource.WebTableSorting -->
    </test> <!-- Default test -->
  </suite> <!-- Default suite -->
</testng-results>
