<?xml version="1.0" encoding="UTF-8"?>
<!-- Generated by org.testng.reporters.JUnitReportReporter -->
<testsuite hostname="Sarveshs-MacBook-Air.local" failures="0" tests="5" name="udemyCource.GetAllpresentLinksFromTheWebpage" time="33.153" errors="0" timestamp="2025-03-21T00:11:15 IST" skipped="4">
  <testcase classname="udemyCource.GetAllpresentLinksFromTheWebpage" name="openEachLickAndGetTitle" time="33.153"/>
  <testcase classname="udemyCource.GetAllpresentLinksFromTheWebpage" name="getLinksFromFooter">
    <skipped/>
  </testcase> <!-- getLinksFromFooter -->
  <testcase classname="udemyCource.GetAllpresentLinksFromTheWebpage" name="clickOnEachLink">
    <skipped/>
  </testcase> <!-- clickOnEachLink -->
  <testcase classname="udemyCource.GetAllpresentLinksFromTheWebpage" name="getAllLinks">
    <skipped/>
  </testcase> <!-- getAllLinks -->
  <testcase classname="udemyCource.GetAllpresentLinksFromTheWebpage" name="getLinkOfPerticularSectionFromFooter">
    <skipped/>
  </testcase> <!-- getLinkOfPerticularSectionFromFooter -->
</testsuite> <!-- udemyCource.GetAllpresentLinksFromTheWebpage -->
