<?xml version="1.0" encoding="UTF-8"?>
<!-- Generated by org.testng.reporters.JUnitReportReporter -->
<testsuite hostname="Sarveshs-MacBook-Air.local" failures="0" tests="4" name="udemyCource.GetAllpresentLinksFromTheWebpage" time="28.526" errors="0" timestamp="2025-03-20T13:11:19 IST" skipped="3">
  <testcase classname="udemyCource.GetAllpresentLinksFromTheWebpage" name="clickOnEachLink" time="28.526"/>
  <testcase classname="udemyCource.GetAllpresentLinksFromTheWebpage" name="getLinkOfPerticularSectionFromFooter">
    <skipped/>
  </testcase> <!-- getLinkOfPerticularSectionFromFooter -->
  <testcase classname="udemyCource.GetAllpresentLinksFromTheWebpage" name="getLinksFromFooter">
    <skipped/>
  </testcase> <!-- getLinksFromFooter -->
  <testcase classname="udemyCource.GetAllpresentLinksFromTheWebpage" name="getAllLinks">
    <skipped/>
  </testcase> <!-- getAllLinks -->
</testsuite> <!-- udemyCource.GetAllpresentLinksFromTheWebpage -->
